<?xml version="1.0" encoding="UTF-8"?>
<testsuite name="Rest Demo.TestSuite - Google Maps" tests="1" failures="0" errors="0" time="0.127"><properties><property name="java.runtime.name" value="Java(TM) SE Runtime Environment"/><property name="sun.boot.library.path" value="C:\Program Files\Java\jdk1.6.0_30\jre\bin"/><property name="java.vm.version" value="20.5-b03"/><property name="java.vm.vendor" value="Sun Microsystems Inc."/><property name="java.vendor.url" value="http://java.sun.com/"/><property name="guice.disable.misplaced.annotation.check" value="true"/><property name="path.separator" value=";"/><property name="java.vm.name" value="Java HotSpot(TM) 64-Bit Server VM"/><property name="file.encoding.pkg" value="sun.io"/><property name="sun.java.launcher" value="SUN_STANDARD"/><property name="user.country" value="US"/><property name="sun.os.patch.level" value="Service Pack 1"/><property name="java.vm.specification.name" value="Java Virtual Machine Specification"/><property name="user.dir" value="C:\Users\Varun\Documents\workspace-sts-2.9.0.RELEASE\SeleniumTest"/><property name="java.runtime.version" value="1.6.0_30-b12"/><property name="java.awt.graphicsenv" value="sun.awt.Win32GraphicsEnvironment"/><property name="java.endorsed.dirs" value="C:\Program Files\Java\jdk1.6.0_30\jre\lib\endorsed"/><property name="os.arch" value="amd64"/><property name="java.io.tmpdir" value="C:\Users\Varun\AppData\Local\Temp\"/><property name="line.separator" value="
"/><property name="java.vm.specification.vendor" value="Sun Microsystems Inc."/><property name="user.variant" value=""/><property name="os.name" value="Windows 7"/><property name="classworlds.conf" value="C:\Users\Varun\Documents\workspace-sts-2.9.0.RELEASE\.metadata\.plugins\org.eclipse.m2e.core\launches\m2conf7692238331402916520.tmp"/><property name="sun.jnu.encoding" value="Cp1252"/><property name="java.library.path" value="C:\Program Files\Java\jdk1.6.0_30\bin;C:\Windows\Sun\Java\bin;C:\Windows\system32;C:\Windows;C:\Program Files (x86)\RSA SecurID Token Common;C:\Program Files (x86)\HP SimplePass 2012\x64;C:\Program Files (x86)\HP SimplePass 2012\;C:\Program Files\Common Files\Microsoft Shared\Windows Live;C:\Program Files (x86)\Common Files\Microsoft Shared\Windows Live;C:\Windows\system32;C:\Windows;C:\Windows\System32\Wbem;C:\Windows\System32\WindowsPowerShell\v1.0\;C:\Program Files (x86)\Common Files\Roxio Shared\DLLShared\;C:\Program Files (x86)\Common Files\Roxio Shared\DLLShared\;C:\Program Files (x86)\Common Files\Roxio Shared\12.0\DLLShared\;C:\Program Files (x86)\Windows Live\Shared;C:\Program Files\WIDCOMM\Bluetooth Software\;C:\Program Files\WIDCOMM\Bluetooth Software\syswow64;C:\Program Files\Broadcom\WHL\;C:\Program Files\Broadcom\WHL\syswow64;C:\Program Files\Broadcom\WHL\SysWow64\;C:\Program Files\Broadcom\WHL\SysWow64\syswow64;C:\Program Files (x86)\Intel\Services\IPT\;c:\Program Files (x86)\Microsoft ASP.NET\ASP.NET Web Pages\v1.0\;C:\Program Files\Intel\WiFi\bin\;C:\Program Files\Common Files\Intel\WirelessCommon\;C:\Program Files (x86)\Java\jdk1.6.0_31\bin;C:\Program Files (x86)\Microsoft SQL Server\100\Tools\Binn\;C:\Program Files\Microsoft SQL Server\100\Tools\Binn\;C:\Program Files\Microsoft SQL Server\100\DTS\Binn\;C:\Program Files (x86)\Microsoft SQL Server\100\Tools\Binn\VSShell\Common7\IDE\;C:\Program Files (x86)\Microsoft Visual Studio 9.0\Common7\IDE\PrivateAssemblies\;C:\Program Files (x86)\Microsoft SQL Server\100\DTS\Binn\;C:\cygwin\bin;C:\cygwin\usr\bin;C:\Program Files (x86)\QuickTime\QTSystem\;C:\Program Files\Intel\WiFi\bin\;C:\Program Files\Common Files\Intel\WirelessCommon\;."/><property name="java.specification.name" value="Java Platform API Specification"/><property name="java.class.version" value="50.0"/><property name="sun.management.compiler" value="HotSpot 64-Bit Tiered Compilers"/><property name="os.version" value="6.1"/><property name="user.home" value="C:\Users\Varun"/><property name="user.timezone" value="America/Chicago"/><property name="java.awt.printerjob" value="sun.awt.windows.WPrinterJob"/><property name="file.encoding" value="Cp1252"/><property name="java.specification.version" value="1.6"/><property name="java.class.path" value="/C:/Users/Varun/Documents/Tools/springsource/sts-2.9.0.RELEASE/plugins/org.eclipse.m2e.maven.runtime_1.0.200.20111228-1245/jars/plexus-classworlds-2.4.jar"/><property name="user.name" value="Varun"/><property name="java.vm.specification.version" value="1.0"/><property name="sun.java.command" value="org.codehaus.plexus.classworlds.launcher.Launcher -B test"/><property name="java.home" value="C:\Program Files\Java\jdk1.6.0_30\jre"/><property name="sun.arch.data.model" value="64"/><property name="user.language" value="en"/><property name="java.specification.vendor" value="Sun Microsystems Inc."/><property name="awt.toolkit" value="sun.awt.windows.WToolkit"/><property name="java.vm.info" value="mixed mode"/><property name="java.version" value="1.6.0_30"/><property name="java.ext.dirs" value="C:\Program Files\Java\jdk1.6.0_30\jre\lib\ext;C:\Windows\Sun\Java\lib\ext"/><property name="sun.boot.class.path" value="C:\Program Files\Java\jdk1.6.0_30\jre\lib\resources.jar;C:\Program Files\Java\jdk1.6.0_30\jre\lib\rt.jar;C:\Program Files\Java\jdk1.6.0_30\jre\lib\sunrsasign.jar;C:\Program Files\Java\jdk1.6.0_30\jre\lib\jsse.jar;C:\Program Files\Java\jdk1.6.0_30\jre\lib\jce.jar;C:\Program Files\Java\jdk1.6.0_30\jre\lib\charsets.jar;C:\Program Files\Java\jdk1.6.0_30\jre\lib\modules\jdk.boot.jar;C:\Program Files\Java\jdk1.6.0_30\jre\classes"/><property name="java.vendor" value="Sun Microsystems Inc."/><property name="maven.home" value="C:\Users\Varun\Documents\workspace-sts-2.9.0.RELEASE\SeleniumTest\EMBEDDED"/><property name="file.separator" value="\"/><property name="java.vendor.url.bug" value="http://java.sun.com/cgi-bin/bugreport.cgi"/><property name="sun.io.unicode.encoding" value="UnicodeLittle"/><property name="sun.cpu.endian" value="little"/><property name="sun.desktop" value="windows"/><property name="sun.cpu.isalist" value="amd64"/></properties><testcase name="TestCase - Get Places" time="0.127"/></testsuite>