<?xml version="1.0" encoding="UTF-8" ?>
<testsuite failures="0" time="0.001" errors="0" skipped="1" tests="1" name="com.varun.test.SeleniumTest.GiftCatalogTest">
  <properties>
    <property name="java.runtime.name" value="Java(TM) SE Runtime Environment"/>
    <property name="sun.boot.library.path" value="C:\Program Files\Java\jdk1.6.0_30\jre\bin"/>
    <property name="java.vm.version" value="20.5-b03"/>
    <property name="java.vm.vendor" value="Sun Microsystems Inc."/>
    <property name="java.vendor.url" value="http://java.sun.com/"/>
    <property name="path.separator" value=";"/>
    <property name="java.vm.name" value="Java HotSpot(TM) 64-Bit Server VM"/>
    <property name="file.encoding.pkg" value="sun.io"/>
    <property name="user.country" value="US"/>
    <property name="sun.java.launcher" value="SUN_STANDARD"/>
    <property name="sun.os.patch.level" value="Service Pack 1"/>
    <property name="java.vm.specification.name" value="Java Virtual Machine Specification"/>
    <property name="user.dir" value="C:\Users\Varun\Documents\workspace-sts-2.9.0.RELEASE\SeleniumTest"/>
    <property name="java.runtime.version" value="1.6.0_30-b12"/>
    <property name="java.awt.graphicsenv" value="sun.awt.Win32GraphicsEnvironment"/>
    <property name="basedir" value="C:\Users\Varun\Documents\workspace-sts-2.9.0.RELEASE\SeleniumTest"/>
    <property name="java.endorsed.dirs" value="C:\Program Files\Java\jdk1.6.0_30\jre\lib\endorsed"/>
    <property name="os.arch" value="amd64"/>
    <property name="surefire.real.class.path" value="C:\Users\Varun\Documents\workspace-sts-2.9.0.RELEASE\SeleniumTest\target\surefire\surefirebooter7623806405073123579.jar"/>
    <property name="java.io.tmpdir" value="C:\Users\Varun\AppData\Local\Temp\"/>
    <property name="line.separator" value="
"/>
    <property name="java.vm.specification.vendor" value="Sun Microsystems Inc."/>
    <property name="user.variant" value=""/>
    <property name="os.name" value="Windows 7"/>
    <property name="sun.jnu.encoding" value="Cp1252"/>
    <property name="java.library.path" value="C:\Program Files\Java\jdk1.6.0_30\jre\bin;C:\Windows\Sun\Java\bin;C:\Windows\system32;C:\Windows;C:\Program Files (x86)\RSA SecurID Token Common;C:\Program Files (x86)\HP SimplePass 2012\x64;C:\Program Files (x86)\HP SimplePass 2012\;C:\Program Files\Common Files\Microsoft Shared\Windows Live;C:\Program Files (x86)\Common Files\Microsoft Shared\Windows Live;C:\Windows\system32;C:\Windows;C:\Windows\System32\Wbem;C:\Windows\System32\WindowsPowerShell\v1.0\;C:\Program Files (x86)\Common Files\Roxio Shared\DLLShared\;C:\Program Files (x86)\Common Files\Roxio Shared\DLLShared\;C:\Program Files (x86)\Common Files\Roxio Shared\12.0\DLLShared\;C:\Program Files (x86)\Windows Live\Shared;C:\Program Files\WIDCOMM\Bluetooth Software\;C:\Program Files\WIDCOMM\Bluetooth Software\syswow64;C:\Program Files\Broadcom\WHL\;C:\Program Files\Broadcom\WHL\syswow64;C:\Program Files\Broadcom\WHL\SysWow64\;C:\Program Files\Broadcom\WHL\SysWow64\syswow64;C:\Program Files (x86)\Intel\Services\IPT\;c:\Program Files (x86)\Microsoft ASP.NET\ASP.NET Web Pages\v1.0\;C:\Program Files\Intel\WiFi\bin\;C:\Program Files\Common Files\Intel\WirelessCommon\;C:\Program Files (x86)\Java\jdk1.6.0_31\bin;C:\Program Files (x86)\Microsoft SQL Server\100\Tools\Binn\;C:\Program Files\Microsoft SQL Server\100\Tools\Binn\;C:\Program Files\Microsoft SQL Server\100\DTS\Binn\;C:\Program Files (x86)\Microsoft SQL Server\100\Tools\Binn\VSShell\Common7\IDE\;C:\Program Files (x86)\Microsoft Visual Studio 9.0\Common7\IDE\PrivateAssemblies\;C:\Program Files (x86)\Microsoft SQL Server\100\DTS\Binn\;C:\cygwin\bin;C:\cygwin\usr\bin;C:\Program Files (x86)\QuickTime\QTSystem\;C:\Program Files\Intel\WiFi\bin\;C:\Program Files\Common Files\Intel\WirelessCommon\;."/>
    <property name="surefire.test.class.path" value="C:\Users\Varun\Documents\workspace-sts-2.9.0.RELEASE\SeleniumTest\target\test-classes;C:\Users\Varun\Documents\workspace-sts-2.9.0.RELEASE\SeleniumTest\target\classes;C:\Users\Varun\.m2\repository\org\apache\poi\poi\3.8\poi-3.8.jar;C:\Users\Varun\.m2\repository\commons-codec\commons-codec\1.5\commons-codec-1.5.jar;C:\Users\Varun\.m2\repository\org\apache\poi\poi-ooxml\3.8\poi-ooxml-3.8.jar;C:\Users\Varun\.m2\repository\org\apache\poi\poi-ooxml-schemas\3.8\poi-ooxml-schemas-3.8.jar;C:\Users\Varun\.m2\repository\org\apache\xmlbeans\xmlbeans\2.3.0\xmlbeans-2.3.0.jar;C:\Users\Varun\.m2\repository\stax\stax-api\1.0.1\stax-api-1.0.1.jar;C:\Users\Varun\.m2\repository\dom4j\dom4j\1.6.1\dom4j-1.6.1.jar;C:\Users\Varun\.m2\repository\xml-apis\xml-apis\1.0.b2\xml-apis-1.0.b2.jar;C:\Users\Varun\.m2\repository\junit\junit\4.8.1\junit-4.8.1.jar;C:\Users\Varun\.m2\repository\org\seleniumhq\selenium\selenium-java\2.26.0\selenium-java-2.26.0.jar;C:\Users\Varun\.m2\repository\org\seleniumhq\selenium\selenium-android-driver\2.26.0\selenium-android-driver-2.26.0.jar;C:\Users\Varun\.m2\repository\org\seleniumhq\selenium\selenium-remote-driver\2.26.0\selenium-remote-driver-2.26.0.jar;C:\Users\Varun\.m2\repository\cglib\cglib-nodep\2.1_3\cglib-nodep-2.1_3.jar;C:\Users\Varun\.m2\repository\org\json\json\20080701\json-20080701.jar;C:\Users\Varun\.m2\repository\com\google\guava\guava\13.0.1\guava-13.0.1.jar;C:\Users\Varun\.m2\repository\org\seleniumhq\selenium\selenium-chrome-driver\2.26.0\selenium-chrome-driver-2.26.0.jar;C:\Users\Varun\.m2\repository\org\seleniumhq\selenium\selenium-htmlunit-driver\2.26.0\selenium-htmlunit-driver-2.26.0.jar;C:\Users\Varun\.m2\repository\org\seleniumhq\selenium\selenium-api\2.26.0\selenium-api-2.26.0.jar;C:\Users\Varun\.m2\repository\net\sourceforge\htmlunit\htmlunit\2.10\htmlunit-2.10.jar;C:\Users\Varun\.m2\repository\xalan\xalan\2.7.1\xalan-2.7.1.jar;C:\Users\Varun\.m2\repository\xalan\serializer\2.7.1\serializer-2.7.1.jar;C:\Users\Varun\.m2\repository\commons-collections\commons-collections\3.2.1\commons-collections-3.2.1.jar;C:\Users\Varun\.m2\repository\org\apache\commons\commons-lang3\3.1\commons-lang3-3.1.jar;C:\Users\Varun\.m2\repository\org\apache\httpcomponents\httpmime\4.2.1\httpmime-4.2.1.jar;C:\Users\Varun\.m2\repository\net\sourceforge\htmlunit\htmlunit-core-js\2.10\htmlunit-core-js-2.10.jar;C:\Users\Varun\.m2\repository\xerces\xercesImpl\2.9.1\xercesImpl-2.9.1.jar;C:\Users\Varun\.m2\repository\net\sourceforge\nekohtml\nekohtml\1.9.16\nekohtml-1.9.16.jar;C:\Users\Varun\.m2\repository\net\sourceforge\cssparser\cssparser\0.9.7\cssparser-0.9.7.jar;C:\Users\Varun\.m2\repository\org\w3c\css\sac\1.3\sac-1.3.jar;C:\Users\Varun\.m2\repository\commons-logging\commons-logging\1.1.1\commons-logging-1.1.1.jar;C:\Users\Varun\.m2\repository\org\apache\httpcomponents\httpclient\4.2.1\httpclient-4.2.1.jar;C:\Users\Varun\.m2\repository\org\apache\httpcomponents\httpcore\4.2.1\httpcore-4.2.1.jar;C:\Users\Varun\.m2\repository\org\seleniumhq\selenium\selenium-firefox-driver\2.26.0\selenium-firefox-driver-2.26.0.jar;C:\Users\Varun\.m2\repository\commons-io\commons-io\2.2\commons-io-2.2.jar;C:\Users\Varun\.m2\repository\org\apache\commons\commons-exec\1.1\commons-exec-1.1.jar;C:\Users\Varun\.m2\repository\org\seleniumhq\selenium\selenium-ie-driver\2.26.0\selenium-ie-driver-2.26.0.jar;C:\Users\Varun\.m2\repository\net\java\dev\jna\jna\3.4.0\jna-3.4.0.jar;C:\Users\Varun\.m2\repository\net\java\dev\jna\platform\3.4.0\platform-3.4.0.jar;C:\Users\Varun\.m2\repository\org\seleniumhq\selenium\selenium-iphone-driver\2.26.0\selenium-iphone-driver-2.26.0.jar;C:\Users\Varun\.m2\repository\org\seleniumhq\selenium\selenium-safari-driver\2.26.0\selenium-safari-driver-2.26.0.jar;C:\Users\Varun\.m2\repository\org\seleniumhq\selenium\selenium-support\2.26.0\selenium-support-2.26.0.jar;C:\Users\Varun\.m2\repository\org\webbitserver\webbit\0.4.14\webbit-0.4.14.jar;C:\Users\Varun\.m2\repository\io\netty\netty\3.5.2.Final\netty-3.5.2.Final.jar;"/>
    <property name="java.specification.name" value="Java Platform API Specification"/>
    <property name="java.class.version" value="50.0"/>
    <property name="sun.management.compiler" value="HotSpot 64-Bit Tiered Compilers"/>
    <property name="os.version" value="6.1"/>
    <property name="user.home" value="C:\Users\Varun"/>
    <property name="user.timezone" value=""/>
    <property name="java.awt.printerjob" value="sun.awt.windows.WPrinterJob"/>
    <property name="java.specification.version" value="1.6"/>
    <property name="file.encoding" value="Cp1252"/>
    <property name="user.name" value="Varun"/>
    <property name="java.class.path" value="C:\Users\Varun\Documents\workspace-sts-2.9.0.RELEASE\SeleniumTest\target\test-classes;C:\Users\Varun\Documents\workspace-sts-2.9.0.RELEASE\SeleniumTest\target\classes;C:\Users\Varun\.m2\repository\org\apache\poi\poi\3.8\poi-3.8.jar;C:\Users\Varun\.m2\repository\commons-codec\commons-codec\1.5\commons-codec-1.5.jar;C:\Users\Varun\.m2\repository\org\apache\poi\poi-ooxml\3.8\poi-ooxml-3.8.jar;C:\Users\Varun\.m2\repository\org\apache\poi\poi-ooxml-schemas\3.8\poi-ooxml-schemas-3.8.jar;C:\Users\Varun\.m2\repository\org\apache\xmlbeans\xmlbeans\2.3.0\xmlbeans-2.3.0.jar;C:\Users\Varun\.m2\repository\stax\stax-api\1.0.1\stax-api-1.0.1.jar;C:\Users\Varun\.m2\repository\dom4j\dom4j\1.6.1\dom4j-1.6.1.jar;C:\Users\Varun\.m2\repository\xml-apis\xml-apis\1.0.b2\xml-apis-1.0.b2.jar;C:\Users\Varun\.m2\repository\junit\junit\4.8.1\junit-4.8.1.jar;C:\Users\Varun\.m2\repository\org\seleniumhq\selenium\selenium-java\2.26.0\selenium-java-2.26.0.jar;C:\Users\Varun\.m2\repository\org\seleniumhq\selenium\selenium-android-driver\2.26.0\selenium-android-driver-2.26.0.jar;C:\Users\Varun\.m2\repository\org\seleniumhq\selenium\selenium-remote-driver\2.26.0\selenium-remote-driver-2.26.0.jar;C:\Users\Varun\.m2\repository\cglib\cglib-nodep\2.1_3\cglib-nodep-2.1_3.jar;C:\Users\Varun\.m2\repository\org\json\json\20080701\json-20080701.jar;C:\Users\Varun\.m2\repository\com\google\guava\guava\13.0.1\guava-13.0.1.jar;C:\Users\Varun\.m2\repository\org\seleniumhq\selenium\selenium-chrome-driver\2.26.0\selenium-chrome-driver-2.26.0.jar;C:\Users\Varun\.m2\repository\org\seleniumhq\selenium\selenium-htmlunit-driver\2.26.0\selenium-htmlunit-driver-2.26.0.jar;C:\Users\Varun\.m2\repository\org\seleniumhq\selenium\selenium-api\2.26.0\selenium-api-2.26.0.jar;C:\Users\Varun\.m2\repository\net\sourceforge\htmlunit\htmlunit\2.10\htmlunit-2.10.jar;C:\Users\Varun\.m2\repository\xalan\xalan\2.7.1\xalan-2.7.1.jar;C:\Users\Varun\.m2\repository\xalan\serializer\2.7.1\serializer-2.7.1.jar;C:\Users\Varun\.m2\repository\commons-collections\commons-collections\3.2.1\commons-collections-3.2.1.jar;C:\Users\Varun\.m2\repository\org\apache\commons\commons-lang3\3.1\commons-lang3-3.1.jar;C:\Users\Varun\.m2\repository\org\apache\httpcomponents\httpmime\4.2.1\httpmime-4.2.1.jar;C:\Users\Varun\.m2\repository\net\sourceforge\htmlunit\htmlunit-core-js\2.10\htmlunit-core-js-2.10.jar;C:\Users\Varun\.m2\repository\xerces\xercesImpl\2.9.1\xercesImpl-2.9.1.jar;C:\Users\Varun\.m2\repository\net\sourceforge\nekohtml\nekohtml\1.9.16\nekohtml-1.9.16.jar;C:\Users\Varun\.m2\repository\net\sourceforge\cssparser\cssparser\0.9.7\cssparser-0.9.7.jar;C:\Users\Varun\.m2\repository\org\w3c\css\sac\1.3\sac-1.3.jar;C:\Users\Varun\.m2\repository\commons-logging\commons-logging\1.1.1\commons-logging-1.1.1.jar;C:\Users\Varun\.m2\repository\org\apache\httpcomponents\httpclient\4.2.1\httpclient-4.2.1.jar;C:\Users\Varun\.m2\repository\org\apache\httpcomponents\httpcore\4.2.1\httpcore-4.2.1.jar;C:\Users\Varun\.m2\repository\org\seleniumhq\selenium\selenium-firefox-driver\2.26.0\selenium-firefox-driver-2.26.0.jar;C:\Users\Varun\.m2\repository\commons-io\commons-io\2.2\commons-io-2.2.jar;C:\Users\Varun\.m2\repository\org\apache\commons\commons-exec\1.1\commons-exec-1.1.jar;C:\Users\Varun\.m2\repository\org\seleniumhq\selenium\selenium-ie-driver\2.26.0\selenium-ie-driver-2.26.0.jar;C:\Users\Varun\.m2\repository\net\java\dev\jna\jna\3.4.0\jna-3.4.0.jar;C:\Users\Varun\.m2\repository\net\java\dev\jna\platform\3.4.0\platform-3.4.0.jar;C:\Users\Varun\.m2\repository\org\seleniumhq\selenium\selenium-iphone-driver\2.26.0\selenium-iphone-driver-2.26.0.jar;C:\Users\Varun\.m2\repository\org\seleniumhq\selenium\selenium-safari-driver\2.26.0\selenium-safari-driver-2.26.0.jar;C:\Users\Varun\.m2\repository\org\seleniumhq\selenium\selenium-support\2.26.0\selenium-support-2.26.0.jar;C:\Users\Varun\.m2\repository\org\webbitserver\webbit\0.4.14\webbit-0.4.14.jar;C:\Users\Varun\.m2\repository\io\netty\netty\3.5.2.Final\netty-3.5.2.Final.jar;"/>
    <property name="java.vm.specification.version" value="1.0"/>
    <property name="sun.arch.data.model" value="64"/>
    <property name="java.home" value="C:\Program Files\Java\jdk1.6.0_30\jre"/>
    <property name="sun.java.command" value="C:\Users\Varun\Documents\workspace-sts-2.9.0.RELEASE\SeleniumTest\target\surefire\surefirebooter7623806405073123579.jar C:\Users\Varun\Documents\workspace-sts-2.9.0.RELEASE\SeleniumTest\target\surefire\surefire8667914415227213323tmp C:\Users\Varun\Documents\workspace-sts-2.9.0.RELEASE\SeleniumTest\target\surefire\surefire3321714515138154646tmp"/>
    <property name="java.specification.vendor" value="Sun Microsystems Inc."/>
    <property name="user.language" value="en"/>
    <property name="awt.toolkit" value="sun.awt.windows.WToolkit"/>
    <property name="java.vm.info" value="mixed mode"/>
    <property name="java.version" value="1.6.0_30"/>
    <property name="java.ext.dirs" value="C:\Program Files\Java\jdk1.6.0_30\jre\lib\ext;C:\Windows\Sun\Java\lib\ext"/>
    <property name="sun.boot.class.path" value="C:\Program Files\Java\jdk1.6.0_30\jre\lib\resources.jar;C:\Program Files\Java\jdk1.6.0_30\jre\lib\rt.jar;C:\Program Files\Java\jdk1.6.0_30\jre\lib\sunrsasign.jar;C:\Program Files\Java\jdk1.6.0_30\jre\lib\jsse.jar;C:\Program Files\Java\jdk1.6.0_30\jre\lib\jce.jar;C:\Program Files\Java\jdk1.6.0_30\jre\lib\charsets.jar;C:\Program Files\Java\jdk1.6.0_30\jre\lib\modules\jdk.boot.jar;C:\Program Files\Java\jdk1.6.0_30\jre\classes"/>
    <property name="java.vendor" value="Sun Microsystems Inc."/>
    <property name="localRepository" value="C:\Users\Varun\.m2\repository"/>
    <property name="file.separator" value="\"/>
    <property name="java.vendor.url.bug" value="http://java.sun.com/cgi-bin/bugreport.cgi"/>
    <property name="sun.cpu.endian" value="little"/>
    <property name="sun.io.unicode.encoding" value="UnicodeLittle"/>
    <property name="sun.desktop" value="windows"/>
    <property name="sun.cpu.isalist" value="amd64"/>
  </properties>
  <testcase time="0" classname="com.varun.test.SeleniumTest.GiftCatalogTest" name="com.varun.test.SeleniumTest.GiftCatalogTest">
    <skipped/>
  </testcase>
</testsuite>